<?xml version="1.0" encoding="UTF-8"?>
<!-- Generated by org.testng.reporters.JUnitReportReporter -->
<testsuite hostname="DESKTOP-M0PD94C" failures="0" tests="1" name="Runner.TestRunner" time="9.535" errors="1" timestamp="2024-05-17T02:33:34 IST" skipped="0">
  <testcase classname="Runner.TestRunner" name="runScenario" time="9.535">
    <error message="Cannot invoke &quot;org.openqa.selenium.SearchContext.findElement(org.openqa.selenium.By)&quot; because &quot;this.searchContext&quot; is null" type="java.lang.NullPointerException">
      <![CDATA[java.lang.NullPointerException: Cannot invoke "org.openqa.selenium.SearchContext.findElement(org.openqa.selenium.By)" because "this.searchContext" is null
at org.openqa.selenium.support.pagefactory.DefaultElementLocator.findElement(DefaultElementLocator.java:68)
at org.openqa.selenium.support.pagefactory.internal.LocatingElementHandler.invoke(LocatingElementHandler.java:38)
at jdk.proxy2/jdk.proxy2.$Proxy23.sendKeys(Unknown Source)
at BusinessLogic.BusinessLogin.contactInformation(BusinessLogin.java:28)
at StepDef.AccountCreation.provideContactInformation(AccountCreation.java:31)
at ✽.Provide contact information "Karthika", "Sengottaiyan", "9791510104","skarthikamca10@gmail.com"(file:///E:/AutomationPOC/src/test/resources/Features/Test.feature:6)
]]>
    </error>
  </testcase> <!-- runScenario -->
  <system-out/>
</testsuite> <!-- Runner.TestRunner -->
